[INFO ] 2021-11-04 23:07:48.133 [main] BaseTest:77-test openPageTest starts with params: []
[INFO ] 2021-11-04 23:07:48.416 [main] WebDriverEventListenerImpl:44-go to url google.com
[ERROR] 2021-11-04 23:07:48.446 [main] WebDriverEventListenerImpl:139-Error. Details: invalid argument
  (Session info: chrome=95.0.4638.69)
Build info: version: '3.141.59', revision: 'e82be7d358', time: '2018-11-14T08:17:03'
System info: host: 'DESKTOP-SPNK50U', ip: '192.168.31.218', os.name: 'Windows 10', os.arch: 'amd64', os.version: '10.0', java.version: '11.0.8'
Driver info: org.openqa.selenium.chrome.ChromeDriver
Capabilities {acceptInsecureCerts: false, browserName: chrome, browserVersion: 95.0.4638.69, chrome: {chromedriverVersion: 94.0.4606.61 (418b78f5838ed..., userDataDir: C:\Users\Director\AppData\L...}, goog:chromeOptions: {debuggerAddress: localhost:64043}, javascriptEnabled: true, networkConnectionEnabled: false, pageLoadStrategy: normal, platform: WINDOWS, platformName: WINDOWS, proxy: Proxy(), setWindowRect: true, strictFileInteractability: false, timeouts: {implicit: 0, pageLoad: 300000, script: 30000}, unhandledPromptBehavior: dismiss and notify, webauthn:extension:credBlob: true, webauthn:extension:largeBlob: true, webauthn:virtualAuthenticators: true}
Session ID: 1badd6bfe6821a708bfd6a7b74d43f38
[ERROR] 2021-11-04 23:07:48.682 [main] WebDriverEventListenerImpl:170-Error copying screenshot from 'C:\Users\Director\AppData\Local\Temp\screenshot1584900288337798951.png' to 'tmp/screens/screen_1636060068672.png'. Details: java.nio.file.NoSuchFileException: tmp\screens\screen_1636060068672.png
[INFO ] 2021-11-04 23:07:48.893 [main] BaseTest:83-test openPageTest finished.
[INFO ] 2021-11-04 23:12:17.324 [main] BaseTest:77-test openPageTest starts with params: []
[INFO ] 2021-11-04 23:12:17.588 [main] WebDriverEventListenerImpl:44-go to url google.com
[ERROR] 2021-11-04 23:12:17.615 [main] WebDriverEventListenerImpl:139-Error. Details: invalid argument
  (Session info: chrome=95.0.4638.69)
Build info: version: '3.141.59', revision: 'e82be7d358', time: '2018-11-14T08:17:03'
System info: host: 'DESKTOP-SPNK50U', ip: '192.168.31.218', os.name: 'Windows 10', os.arch: 'amd64', os.version: '10.0', java.version: '11.0.8'
Driver info: org.openqa.selenium.chrome.ChromeDriver
Capabilities {acceptInsecureCerts: false, browserName: chrome, browserVersion: 95.0.4638.69, chrome: {chromedriverVersion: 95.0.4638.54 (d31a821ec901f..., userDataDir: C:\Users\Director\AppData\L...}, goog:chromeOptions: {debuggerAddress: localhost:59256}, javascriptEnabled: true, networkConnectionEnabled: false, pageLoadStrategy: normal, platform: WINDOWS, platformName: WINDOWS, proxy: Proxy(), setWindowRect: true, strictFileInteractability: false, timeouts: {implicit: 0, pageLoad: 300000, script: 30000}, unhandledPromptBehavior: dismiss and notify, webauthn:extension:credBlob: true, webauthn:extension:largeBlob: true, webauthn:virtualAuthenticators: true}
Session ID: fafddfbb32817f3e75e6ce4b6d613bbe
[ERROR] 2021-11-04 23:12:17.830 [main] WebDriverEventListenerImpl:170-Error copying screenshot from 'C:\Users\Director\AppData\Local\Temp\screenshot11375293553752337464.png' to 'tmp/screens/screen_1636060337819.png'. Details: java.nio.file.NoSuchFileException: tmp\screens\screen_1636060337819.png
[INFO ] 2021-11-04 23:12:18.060 [main] BaseTest:83-test openPageTest finished.
[INFO ] 2021-11-04 23:15:53.847 [main] BaseTest:77-test openPageTest starts with params: []
[INFO ] 2021-11-04 23:15:54.095 [main] WebDriverEventListenerImpl:44-go to url google.com
[ERROR] 2021-11-04 23:15:54.121 [main] WebDriverEventListenerImpl:139-Error. Details: invalid argument
  (Session info: chrome=95.0.4638.69)
Build info: version: '3.141.59', revision: 'e82be7d358', time: '2018-11-14T08:17:03'
System info: host: 'DESKTOP-SPNK50U', ip: '192.168.31.218', os.name: 'Windows 10', os.arch: 'amd64', os.version: '10.0', java.version: '11.0.8'
Driver info: org.openqa.selenium.chrome.ChromeDriver
Capabilities {acceptInsecureCerts: false, browserName: chrome, browserVersion: 95.0.4638.69, chrome: {chromedriverVersion: 95.0.4638.54 (d31a821ec901f..., userDataDir: C:\Users\Director\AppData\L...}, goog:chromeOptions: {debuggerAddress: localhost:59709}, javascriptEnabled: true, networkConnectionEnabled: false, pageLoadStrategy: normal, platform: WINDOWS, platformName: WINDOWS, proxy: Proxy(), setWindowRect: true, strictFileInteractability: false, timeouts: {implicit: 0, pageLoad: 300000, script: 30000}, unhandledPromptBehavior: dismiss and notify, webauthn:extension:credBlob: true, webauthn:extension:largeBlob: true, webauthn:virtualAuthenticators: true}
Session ID: 5d05d11c0b8124d41f20624878552e97
[ERROR] 2021-11-04 23:15:54.356 [main] WebDriverEventListenerImpl:170-Error copying screenshot from 'C:\Users\Director\AppData\Local\Temp\screenshot124847236479188316.png' to 'tmp/screens/screen_1636060554344.png'. Details: java.nio.file.NoSuchFileException: tmp\screens\screen_1636060554344.png
[INFO ] 2021-11-04 23:15:54.553 [main] BaseTest:83-test openPageTest finished.
[INFO ] 2021-11-04 23:16:24.776 [main] BaseTest:77-test openPageTest starts with params: []
[INFO ] 2021-11-04 23:16:25.017 [main] WebDriverEventListenerImpl:44-go to url https://google.com
[INFO ] 2021-11-04 23:16:26.280 [main] BaseTest:83-test openPageTest finished.
[INFO ] 2021-11-07 20:13:29.144 [main] BaseTest:74-test openPageTest starts with params: []
[INFO ] 2021-11-07 20:13:29.494 [main] WebDriverEventListenerImpl:44-go to url https://google.com
[DEBUG] 2021-11-07 20:13:31.274 [main] WebDriverEventListenerImpl:84-try find element  by 'By.xpath: //div[@id='block_top_menu']/ul[1]/li[1]'
[ERROR] 2021-11-07 20:13:39.974 [main] WebDriverEventListenerImpl:139-Error. Details: Cannot locate an element using xpath=//div[@id='block_top_menu']/ul[1]/li[1]
For documentation on this error, please visit: https://www.seleniumhq.org/exceptions/no_such_element.html
Build info: version: '3.141.59', revision: 'e82be7d358', time: '2018-11-14T08:17:03'
System info: host: 'DESKTOP-SPNK50U', ip: '192.168.31.218', os.name: 'Windows 10', os.arch: 'amd64', os.version: '10.0', java.version: '11.0.8'
Driver info: driver.version: EventFiringWebDriver
[ERROR] 2021-11-07 20:13:40.064 [main] WebDriverEventListenerImpl:139-Error. Details: no such window: target window already closed
from unknown error: web view not found
  (Session info: chrome=95.0.4638.69)
Build info: version: '3.141.59', revision: 'e82be7d358', time: '2018-11-14T08:17:03'
System info: host: 'DESKTOP-SPNK50U', ip: '192.168.31.218', os.name: 'Windows 10', os.arch: 'amd64', os.version: '10.0', java.version: '11.0.8'
Driver info: org.openqa.selenium.chrome.ChromeDriver
Capabilities {acceptInsecureCerts: false, browserName: chrome, browserVersion: 95.0.4638.69, chrome: {chromedriverVersion: 95.0.4638.54 (d31a821ec901f..., userDataDir: C:\Users\Director\AppData\L...}, goog:chromeOptions: {debuggerAddress: localhost:64800}, javascriptEnabled: true, networkConnectionEnabled: false, pageLoadStrategy: normal, platform: WINDOWS, platformName: WINDOWS, proxy: Proxy(), setWindowRect: true, strictFileInteractability: false, timeouts: {implicit: 0, pageLoad: 300000, script: 30000}, unhandledPromptBehavior: dismiss and notify, webauthn:extension:credBlob: true, webauthn:extension:largeBlob: true, webauthn:virtualAuthenticators: true}
Session ID: f740d47574fb46697654bacce16f1df7
[ERROR] 2021-11-07 20:13:40.108 [main] WebDriverEventListenerImpl:139-Error. Details: no such window: target window already closed
from unknown error: web view not found
  (Session info: chrome=95.0.4638.69)
Build info: version: '3.141.59', revision: 'e82be7d358', time: '2018-11-14T08:17:03'
System info: host: 'DESKTOP-SPNK50U', ip: '192.168.31.218', os.name: 'Windows 10', os.arch: 'amd64', os.version: '10.0', java.version: '11.0.8'
Driver info: org.openqa.selenium.chrome.ChromeDriver
Capabilities {acceptInsecureCerts: false, browserName: chrome, browserVersion: 95.0.4638.69, chrome: {chromedriverVersion: 95.0.4638.54 (d31a821ec901f..., userDataDir: C:\Users\Director\AppData\L...}, goog:chromeOptions: {debuggerAddress: localhost:64800}, javascriptEnabled: true, networkConnectionEnabled: false, pageLoadStrategy: normal, platform: WINDOWS, platformName: WINDOWS, proxy: Proxy(), setWindowRect: true, strictFileInteractability: false, timeouts: {implicit: 0, pageLoad: 300000, script: 30000}, unhandledPromptBehavior: dismiss and notify, webauthn:extension:credBlob: true, webauthn:extension:largeBlob: true, webauthn:virtualAuthenticators: true}
Session ID: f740d47574fb46697654bacce16f1df7
[INFO ] 2021-11-07 20:14:19.276 [main] BaseTest:74-test openPageTest starts with params: []
[INFO ] 2021-11-07 20:14:19.598 [main] WebDriverEventListenerImpl:44-go to url http://automationpractice.com/
[DEBUG] 2021-11-07 20:14:24.750 [main] WebDriverEventListenerImpl:84-try find element  by 'By.xpath: //div[@id='block_top_menu']/ul[1]/li[1]'
[DEBUG] 2021-11-07 20:14:24.792 [main] WebDriverEventListenerImpl:94-Found element <li>  by 'By.xpath: //div[@id='block_top_menu']/ul[1]/li[1]'
[INFO ] 2021-11-07 20:14:29.464 [main] BaseTest:80-test openPageTest finished.
[INFO ] 2021-11-07 20:16:15.955 [main] BaseTest:75-test openPageTest starts with params: []
[INFO ] 2021-11-07 20:16:16.298 [main] WebDriverEventListenerImpl:44-go to url http://automationpractice.com/
[DEBUG] 2021-11-07 20:16:21.029 [main] WebDriverEventListenerImpl:84-try find element  by 'By.xpath: //div[@id='block_top_menu']/ul[1]/li[1]'
[DEBUG] 2021-11-07 20:16:21.077 [main] WebDriverEventListenerImpl:94-Found element <li>  by 'By.xpath: //div[@id='block_top_menu']/ul[1]/li[1]'
[INFO ] 2021-11-07 20:16:24.002 [main] BaseTest:81-test openPageTest finished.
[INFO ] 2021-11-07 20:16:58.403 [main] BaseTest:75-test openPageTest starts with params: []
[INFO ] 2021-11-07 20:16:58.772 [main] WebDriverEventListenerImpl:44-go to url http://automationpractice.com/
[DEBUG] 2021-11-07 20:17:03.002 [main] WebDriverEventListenerImpl:84-try find element  by 'By.xpath: //div[@id='block_top_menu']/ul[1]/li[1]'
[DEBUG] 2021-11-07 20:17:03.043 [main] WebDriverEventListenerImpl:94-Found element <li>  by 'By.xpath: //div[@id='block_top_menu']/ul[1]/li[1]'
[INFO ] 2021-11-07 20:17:05.217 [main] BaseTest:81-test openPageTest finished.
[INFO ] 2021-11-07 20:17:40.305 [main] BaseTest:75-test openPageTest starts with params: []
[INFO ] 2021-11-07 20:17:40.708 [main] WebDriverEventListenerImpl:44-go to url http://automationpractice.com/
[DEBUG] 2021-11-07 20:17:45.260 [main] WebDriverEventListenerImpl:84-try find element  by 'By.xpath: //div[@id='block_top_menu']/ul[1]/li[1]'
[DEBUG] 2021-11-07 20:17:45.307 [main] WebDriverEventListenerImpl:94-Found element <li>  by 'By.xpath: //div[@id='block_top_menu']/ul[1]/li[1]'
[INFO ] 2021-11-07 20:17:47.693 [main] BaseTest:81-test openPageTest finished.
[INFO ] 2021-11-07 20:39:40.239 [main] BaseTest:75-test openPageTest starts with params: []
[INFO ] 2021-11-07 20:39:40.599 [main] WebDriverEventListenerImpl:44-go to url http://automationpractice.com/
[DEBUG] 2021-11-07 20:39:44.443 [main] WebDriverEventListenerImpl:84-try find element  by 'By.xpath: //div[@id='block_top_menu']/ul[1]/li[1]'
[DEBUG] 2021-11-07 20:39:44.484 [main] WebDriverEventListenerImpl:94-Found element <li>  by 'By.xpath: //div[@id='block_top_menu']/ul[1]/li[1]'
[DEBUG] 2021-11-07 20:39:46.861 [main] WebDriverEventListenerImpl:84-try find element  by 'By.xpath: //div[@id='center_column']/h1/span[1]'
[DEBUG] 2021-11-07 20:39:46.897 [main] WebDriverEventListenerImpl:94-Found element <span>  by 'By.xpath: //div[@id='center_column']/h1/span[1]'
[INFO ] 2021-11-07 20:39:46.942 [main] BaseTest:81-test openPageTest finished.
[INFO ] 2021-11-07 20:40:40.201 [main] BaseTest:75-test openPageTest starts with params: []
[INFO ] 2021-11-07 20:40:40.629 [main] WebDriverEventListenerImpl:44-go to url http://automationpractice.com/
[DEBUG] 2021-11-07 20:40:47.014 [main] WebDriverEventListenerImpl:84-try find element  by 'By.xpath: //div[@id='block_top_menu']/ul[1]/li[1]'
[DEBUG] 2021-11-07 20:40:47.062 [main] WebDriverEventListenerImpl:94-Found element <li>  by 'By.xpath: //div[@id='block_top_menu']/ul[1]/li[1]'
[DEBUG] 2021-11-07 20:40:49.349 [main] WebDriverEventListenerImpl:84-try find element  by 'By.xpath: //div[@id='center_column']/h1/span[1]'
[DEBUG] 2021-11-07 20:40:49.392 [main] WebDriverEventListenerImpl:94-Found element <span>  by 'By.xpath: //div[@id='center_column']/h1/span[1]'
[INFO ] 2021-11-07 20:40:49.448 [main] BaseTest:81-test openPageTest finished.
[INFO ] 2021-11-07 20:43:38.473 [main] BaseTest:75-test openPageTest starts with params: []
[INFO ] 2021-11-07 20:43:38.820 [main] WebDriverEventListenerImpl:44-go to url http://automationpractice.com/
[DEBUG] 2021-11-07 20:43:43.374 [main] WebDriverEventListenerImpl:84-try find element  by 'By.xpath: //div[@id='block_top_menu']/ul[1]/li[1]'
[DEBUG] 2021-11-07 20:43:43.418 [main] WebDriverEventListenerImpl:94-Found element <li>  by 'By.xpath: //div[@id='block_top_menu']/ul[1]/li[1]'
[DEBUG] 2021-11-07 20:43:46.085 [main] WebDriverEventListenerImpl:84-try find element  by 'By.xpath: //div[@id='center_column']/h1/span[1]'
[DEBUG] 2021-11-07 20:43:46.120 [main] WebDriverEventListenerImpl:94-Found element <span>  by 'By.xpath: //div[@id='center_column']/h1/span[1]'
[INFO ] 2021-11-07 20:43:46.826 [main] BaseTest:81-test openPageTest finished.
[INFO ] 2021-11-07 20:50:38.887 [main] BaseTest:75-test openPageTest starts with params: []
[INFO ] 2021-11-07 20:51:45.967 [main] WebDriverEventListenerImpl:44-go to url http://automationpractice.com/
[INFO ] 2021-11-07 20:52:11.872 [main] BaseTest:75-test openPageTest starts with params: []
[INFO ] 2021-11-07 20:52:16.446 [main] WebDriverEventListenerImpl:44-go to url http://automationpractice.com/
[DEBUG] 2021-11-07 20:52:20.879 [main] WebDriverEventListenerImpl:84-try find element  by 'By.xpath: //div[@id='block_top_menu']/ul[1]/li[1]'
[DEBUG] 2021-11-07 20:52:20.941 [main] WebDriverEventListenerImpl:94-Found element <li>  by 'By.xpath: //div[@id='block_top_menu']/ul[1]/li[1]'
[DEBUG] 2021-11-07 20:52:23.075 [main] WebDriverEventListenerImpl:84-try find element  by 'By.xpath: //div[@id='center_column']/h1/span[1]'
[DEBUG] 2021-11-07 20:52:23.138 [main] WebDriverEventListenerImpl:94-Found element <span>  by 'By.xpath: //div[@id='center_column']/h1/span[1]'
[INFO ] 2021-11-07 20:52:42.464 [main] BaseTest:81-test openPageTest finished.
[INFO ] 2021-11-07 20:54:02.758 [main] BaseTest:75-test openPageTest starts with params: []
[INFO ] 2021-11-07 20:54:03.238 [main] WebDriverEventListenerImpl:44-go to url http://automationpractice.com/
[DEBUG] 2021-11-07 20:54:07.518 [main] WebDriverEventListenerImpl:84-try find element  by 'By.xpath: //div[@id='block_top_menu']/ul[1]/li[1]'
[DEBUG] 2021-11-07 20:54:07.565 [main] WebDriverEventListenerImpl:94-Found element <li>  by 'By.xpath: //div[@id='block_top_menu']/ul[1]/li[1]'
[DEBUG] 2021-11-07 20:54:09.771 [main] WebDriverEventListenerImpl:84-try find element  by 'By.xpath: //div[@id='center_column']/h1/span[1]'
[DEBUG] 2021-11-07 20:54:09.808 [main] WebDriverEventListenerImpl:94-Found element <span>  by 'By.xpath: //div[@id='center_column']/h1/span[1]'
[INFO ] 2021-11-07 20:54:10.642 [main] BaseTest:81-test openPageTest finished.
[INFO ] 2021-11-07 21:09:46.839 [main] BaseTest:75-test openPageTest starts with params: []
[INFO ] 2021-11-07 21:09:48.439 [main] BaseTest:81-test openPageTest finished.
[INFO ] 2021-11-07 21:11:11.045 [main] BaseTest:75-test openPageTest starts with params: []
[INFO ] 2021-11-07 21:11:11.407 [main] WebDriverEventListenerImpl:44-go to url http://automationpractice.com/
[DEBUG] 2021-11-07 21:11:15.628 [main] WebDriverEventListenerImpl:84-try find element  by 'By.xpath: //div[@id='block_top_menu']/ul[1]/li[1]'
[DEBUG] 2021-11-07 21:11:15.678 [main] WebDriverEventListenerImpl:94-Found element <li>  by 'By.xpath: //div[@id='block_top_menu']/ul[1]/li[1]'
[DEBUG] 2021-11-07 21:11:17.838 [main] WebDriverEventListenerImpl:84-try find element  by 'By.xpath: //div[@id='center_column']/h1/span[1]'
[DEBUG] 2021-11-07 21:11:17.891 [main] WebDriverEventListenerImpl:94-Found element <span>  by 'By.xpath: //div[@id='center_column']/h1/span[1]'
[INFO ] 2021-11-07 21:11:18.717 [main] BaseTest:81-test openPageTest finished.
[INFO ] 2021-11-07 21:12:53.819 [main] BaseTest:75-test openPageTest starts with params: []
[INFO ] 2021-11-07 21:12:54.190 [main] WebDriverEventListenerImpl:44-go to url http://automationpractice.com/
[DEBUG] 2021-11-07 21:12:59.689 [main] WebDriverEventListenerImpl:84-try find element  by 'By.xpath: //div[@id='block_top_menu']/ul[1]/li[1]'
[DEBUG] 2021-11-07 21:12:59.750 [main] WebDriverEventListenerImpl:94-Found element <li>  by 'By.xpath: //div[@id='block_top_menu']/ul[1]/li[1]'
[DEBUG] 2021-11-07 21:13:02.387 [main] WebDriverEventListenerImpl:84-try find element  by 'By.xpath: //div[@id='center_column']/h1/span[1]'
[DEBUG] 2021-11-07 21:13:02.423 [main] WebDriverEventListenerImpl:94-Found element <span>  by 'By.xpath: //div[@id='center_column']/h1/span[1]'
[INFO ] 2021-11-07 21:13:03.123 [main] BaseTest:81-test openPageTest finished.
[INFO ] 2021-11-07 21:15:15.250 [main] BaseTest:75-test openPageTest starts with params: []
[INFO ] 2021-11-07 21:15:15.705 [main] WebDriverEventListenerImpl:44-go to url http://automationpractice.com/
[DEBUG] 2021-11-07 21:15:20.557 [main] WebDriverEventListenerImpl:84-try find element  by 'By.xpath: //div[@id='block_top_menu']/ul[1]/li[1]'
[DEBUG] 2021-11-07 21:15:20.596 [main] WebDriverEventListenerImpl:94-Found element <li>  by 'By.xpath: //div[@id='block_top_menu']/ul[1]/li[1]'
[DEBUG] 2021-11-07 21:15:22.567 [main] WebDriverEventListenerImpl:84-try find element  by 'By.xpath: //div[@id='center_column']/h1/span[1]'
[DEBUG] 2021-11-07 21:15:22.606 [main] WebDriverEventListenerImpl:94-Found element <span>  by 'By.xpath: //div[@id='center_column']/h1/span[1]'
[DEBUG] 2021-11-07 21:15:22.631 [main] WebDriverEventListenerImpl:84-try find element  by 'By.xpath: //div[@id='center_column']/h1/span[1]'
[DEBUG] 2021-11-07 21:15:22.658 [main] WebDriverEventListenerImpl:94-Found element <span>  by 'By.xpath: //div[@id='center_column']/h1/span[1]'
[DEBUG] 2021-11-07 21:15:22.664 [main] WebDriverEventListenerImpl:84-try find element  by 'By.xpath: //div[@id='center_column']/h1/span[1]'
[DEBUG] 2021-11-07 21:15:22.687 [main] WebDriverEventListenerImpl:94-Found element <span>  by 'By.xpath: //div[@id='center_column']/h1/span[1]'
[INFO ] 2021-11-07 21:15:23.377 [main] BaseTest:81-test openPageTest finished.
[INFO ] 2021-11-07 21:16:39.054 [main] BaseTest:75-test openPageTest starts with params: []
[INFO ] 2021-11-07 21:16:39.437 [main] WebDriverEventListenerImpl:44-go to url http://automationpractice.com/
[DEBUG] 2021-11-07 21:16:44.411 [main] WebDriverEventListenerImpl:84-try find element  by 'By.xpath: //div[@id='block_top_menu']/ul[1]/li[1]'
[DEBUG] 2021-11-07 21:16:44.498 [main] WebDriverEventListenerImpl:94-Found element <li>  by 'By.xpath: //div[@id='block_top_menu']/ul[1]/li[1]'
[DEBUG] 2021-11-07 21:16:48.329 [main] WebDriverEventListenerImpl:84-try find element  by 'By.xpath: //div[@id='center_column']/h1/span[1]'
[DEBUG] 2021-11-07 21:16:48.368 [main] WebDriverEventListenerImpl:94-Found element <span>  by 'By.xpath: //div[@id='center_column']/h1/span[1]'
[DEBUG] 2021-11-07 21:16:48.402 [main] WebDriverEventListenerImpl:84-try find element  by 'By.xpath: //div[@id='center_column']/h1/span[1]'
[DEBUG] 2021-11-07 21:16:48.429 [main] WebDriverEventListenerImpl:94-Found element <span>  by 'By.xpath: //div[@id='center_column']/h1/span[1]'
[INFO ] 2021-11-07 21:16:49.158 [main] BaseTest:81-test openPageTest finished.
[INFO ] 2021-11-07 21:20:26.563 [main] BaseTest:75-test openPageTest starts with params: []
[INFO ] 2021-11-07 21:20:26.888 [main] WebDriverEventListenerImpl:44-go to url http://automationpractice.com/
[DEBUG] 2021-11-07 21:20:31.517 [main] WebDriverEventListenerImpl:84-try find element  by 'By.xpath: //div[@id='block_top_menu']/ul[1]/li[1]'
[DEBUG] 2021-11-07 21:20:31.579 [main] WebDriverEventListenerImpl:94-Found element <li>  by 'By.xpath: //div[@id='block_top_menu']/ul[1]/li[1]'
[DEBUG] 2021-11-07 21:20:34.202 [main] WebDriverEventListenerImpl:84-try find element  by 'By.xpath: //div[@class='breadcrumb clearfix']/span[2]'
[DEBUG] 2021-11-07 21:20:34.238 [main] WebDriverEventListenerImpl:94-Found element <span>  by 'By.xpath: //div[@class='breadcrumb clearfix']/span[2]'
[INFO ] 2021-11-07 21:20:34.912 [main] BaseTest:81-test openPageTest finished.
[INFO ] 2021-11-07 21:26:18.986 [main] BaseTest:75-test openPageTest starts with params: []
[INFO ] 2021-11-07 21:26:19.375 [main] WebDriverEventListenerImpl:44-go to url http://automationpractice.com/
[DEBUG] 2021-11-07 21:26:24.481 [main] WebDriverEventListenerImpl:84-try find element  by 'By.xpath: //div[@id='block_top_menu']/ul[1]/li[1]'
[DEBUG] 2021-11-07 21:26:24.657 [main] WebDriverEventListenerImpl:94-Found element <li>  by 'By.xpath: //div[@id='block_top_menu']/ul[1]/li[1]'
[DEBUG] 2021-11-07 21:26:25.871 [main] WebDriverEventListenerImpl:84-try find element  by 'By.xpath: //div[@class='breadcrumb clearfix']/span[2]'
[DEBUG] 2021-11-07 21:26:26.844 [main] WebDriverEventListenerImpl:94-Found element <span>  by 'By.xpath: //div[@class='breadcrumb clearfix']/span[2]'
[INFO ] 2021-11-07 21:26:28.138 [main] BaseTest:81-test openPageTest finished.
[INFO ] 2021-11-07 21:27:39.002 [main] BaseTest:75-test openPageTest starts with params: []
[INFO ] 2021-11-07 21:27:39.425 [main] WebDriverEventListenerImpl:44-go to url http://automationpractice.com/
[DEBUG] 2021-11-07 21:27:44.343 [main] WebDriverEventListenerImpl:84-try find element  by 'By.xpath: //div[@id='block_top_menu']/ul[1]/li[1]'
[DEBUG] 2021-11-07 21:27:44.409 [main] WebDriverEventListenerImpl:94-Found element <li>  by 'By.xpath: //div[@id='block_top_menu']/ul[1]/li[1]'
[INFO ] 2021-11-07 21:27:46.515 [main] BaseTest:81-test openPageTest finished.
[INFO ] 2021-11-07 21:41:33.659 [main] BaseTest:75-test openPageTest starts with params: []
[INFO ] 2021-11-07 21:41:34.044 [main] WebDriverEventListenerImpl:44-go to url http://automationpractice.com/
[DEBUG] 2021-11-07 21:41:38.626 [main] WebDriverEventListenerImpl:84-try find element  by 'By.xpath: //ul[@id='home-page-tabs']/li[1]/a'
[DEBUG] 2021-11-07 21:41:38.685 [main] WebDriverEventListenerImpl:94-Found element <a>  by 'By.xpath: //ul[@id='home-page-tabs']/li[1]/a'
[INFO ] 2021-11-07 21:41:40.631 [main] BaseTest:81-test openPageTest finished.
[INFO ] 2021-11-07 21:46:30.839 [main] BaseTest:75-test openPageTest starts with params: []
[INFO ] 2021-11-07 21:46:31.258 [main] WebDriverEventListenerImpl:44-go to url http://automationpractice.com/
[DEBUG] 2021-11-07 21:46:35.907 [main] WebDriverEventListenerImpl:84-try find element  by 'By.xpath: //ul[@id='home-page-tabs']/li[1]/a'
[DEBUG] 2021-11-07 21:46:35.967 [main] WebDriverEventListenerImpl:94-Found element <a>  by 'By.xpath: //ul[@id='home-page-tabs']/li[1]/a'
[INFO ] 2021-11-07 21:46:37.726 [main] BaseTest:81-test openPageTest finished.
[INFO ] 2021-11-07 21:56:19.450 [main] BaseTest:75-test openPageTest starts with params: []
[INFO ] 2021-11-07 21:56:19.832 [main] WebDriverEventListenerImpl:44-go to url http://automationpractice.com/
[DEBUG] 2021-11-07 21:56:24.030 [main] WebDriverEventListenerImpl:84-try find element  by 'By.xpath: //ul[@id='home-page-tabs']/li[1]/a'
[DEBUG] 2021-11-07 21:56:24.106 [main] WebDriverEventListenerImpl:94-Found element <a>  by 'By.xpath: //ul[@id='home-page-tabs']/li[1]/a'
[INFO ] 2021-11-07 21:56:25.753 [main] BaseTest:81-test openPageTest finished.
[INFO ] 2021-11-07 21:57:08.238 [main] BaseTest:75-test openPageTest starts with params: []
[INFO ] 2021-11-07 21:57:08.559 [main] WebDriverEventListenerImpl:44-go to url http://automationpractice.com/
[DEBUG] 2021-11-07 21:57:13.372 [main] WebDriverEventListenerImpl:84-try find element  by 'By.xpath: //ul[@id='home-page-tabs']/li[1]/a'
[DEBUG] 2021-11-07 21:57:13.436 [main] WebDriverEventListenerImpl:94-Found element <a>  by 'By.xpath: //ul[@id='home-page-tabs']/li[1]/a'
[INFO ] 2021-11-07 21:57:15.484 [main] BaseTest:81-test openPageTest finished.
[INFO ] 2021-11-07 21:59:03.412 [main] BaseTest:75-test openPageTest starts with params: []
[INFO ] 2021-11-07 21:59:03.766 [main] WebDriverEventListenerImpl:44-go to url http://automationpractice.com/
[DEBUG] 2021-11-07 21:59:08.731 [main] WebDriverEventListenerImpl:84-try find element  by 'By.xpath: //ul[@id='home-page-tabs']/li[1]/a'
[DEBUG] 2021-11-07 21:59:08.810 [main] WebDriverEventListenerImpl:94-Found element <a>  by 'By.xpath: //ul[@id='home-page-tabs']/li[1]/a'
[INFO ] 2021-11-07 21:59:08.949 [main] BaseTest:81-test openPageTest finished.
[INFO ] 2021-11-07 22:06:17.844 [main] BaseTest:75-test openMainPageTest starts with params: []
[INFO ] 2021-11-07 22:06:18.254 [main] WebDriverEventListenerImpl:44-go to url http://automationpractice.com/
[DEBUG] 2021-11-07 22:06:22.254 [main] WebDriverEventListenerImpl:84-try find element  by 'By.xpath: //ul[@id='home-page-tabs']/li[1]/a'
[DEBUG] 2021-11-07 22:06:22.572 [main] WebDriverEventListenerImpl:94-Found element <a>  by 'By.xpath: //ul[@id='home-page-tabs']/li[1]/a'
[INFO ] 2021-11-07 22:06:22.888 [main] BaseTest:81-test openMainPageTest finished.
[INFO ] 2021-11-07 22:06:22.908 [main] BaseTest:75-test openWomanPageFromMain starts with params: []
[INFO ] 2021-11-07 22:06:22.955 [main] WebDriverEventListenerImpl:44-go to url http://automationpractice.com/
[DEBUG] 2021-11-07 22:06:24.877 [main] WebDriverEventListenerImpl:84-try find element  by 'By.xpath: //div[@id='block_top_menu']/ul[1]/li[1]'
[DEBUG] 2021-11-07 22:06:24.980 [main] WebDriverEventListenerImpl:94-Found element <li>  by 'By.xpath: //div[@id='block_top_menu']/ul[1]/li[1]'
[DEBUG] 2021-11-07 22:06:27.347 [main] WebDriverEventListenerImpl:84-try find element  by 'By.xpath: //div[@class='breadcrumb clearfix']/span[2]'
[DEBUG] 2021-11-07 22:06:27.388 [main] WebDriverEventListenerImpl:94-Found element <span>  by 'By.xpath: //div[@class='breadcrumb clearfix']/span[2]'
[INFO ] 2021-11-07 22:06:28.455 [main] BaseTest:81-test openWomanPageFromMain finished.
[INFO ] 2021-11-07 22:07:13.269 [main] BaseTest:75-test openMainPageTest starts with params: []
[INFO ] 2021-11-07 22:07:13.539 [main] WebDriverEventListenerImpl:44-go to url http://automationpractice.com/
[DEBUG] 2021-11-07 22:07:18.770 [main] WebDriverEventListenerImpl:84-try find element  by 'By.xpath: //ul[@id='home-page-tabs']/li[1]/a'
[DEBUG] 2021-11-07 22:07:18.891 [main] WebDriverEventListenerImpl:94-Found element <a>  by 'By.xpath: //ul[@id='home-page-tabs']/li[1]/a'
[INFO ] 2021-11-07 22:07:19.011 [main] BaseTest:81-test openMainPageTest finished.
[INFO ] 2021-11-07 22:07:19.019 [main] BaseTest:75-test openWomanPageFromMain starts with params: []
[INFO ] 2021-11-07 22:07:19.030 [main] WebDriverEventListenerImpl:44-go to url http://automationpractice.com/
[DEBUG] 2021-11-07 22:07:20.720 [main] WebDriverEventListenerImpl:84-try find element  by 'By.xpath: //div[@id='block_top_menu']/ul[1]/li[1]'
[DEBUG] 2021-11-07 22:07:20.789 [main] WebDriverEventListenerImpl:94-Found element <li>  by 'By.xpath: //div[@id='block_top_menu']/ul[1]/li[1]'
[DEBUG] 2021-11-07 22:07:23.238 [main] WebDriverEventListenerImpl:84-try find element  by 'By.xpath: //div[@class='breadcrumb clearfix']/span[2]'
[DEBUG] 2021-11-07 22:07:23.285 [main] WebDriverEventListenerImpl:94-Found element <span>  by 'By.xpath: //div[@class='breadcrumb clearfix']/span[2]'
[INFO ] 2021-11-07 22:07:24.561 [main] BaseTest:81-test openWomanPageFromMain finished.
[INFO ] 2021-11-07 22:08:04.857 [main] BaseTest:75-test openMainPageTest starts with params: []
[INFO ] 2021-11-07 22:08:05.233 [main] WebDriverEventListenerImpl:44-go to url http://automationpractice.com/
[DEBUG] 2021-11-07 22:08:11.082 [main] WebDriverEventListenerImpl:84-try find element  by 'By.xpath: //ul[@id='home-page-tabs']/li[1]/a'
[DEBUG] 2021-11-07 22:08:11.158 [main] WebDriverEventListenerImpl:94-Found element <a>  by 'By.xpath: //ul[@id='home-page-tabs']/li[1]/a'
[INFO ] 2021-11-07 22:08:11.304 [main] BaseTest:81-test openMainPageTest finished.
[INFO ] 2021-11-07 22:08:11.316 [main] BaseTest:75-test openWomanPageFromMain starts with params: []
[INFO ] 2021-11-07 22:08:11.327 [main] WebDriverEventListenerImpl:44-go to url http://automationpractice.com/
[DEBUG] 2021-11-07 22:08:13.078 [main] WebDriverEventListenerImpl:84-try find element  by 'By.xpath: //div[@id='block_top_menu']/ul[1]/li[1]'
[DEBUG] 2021-11-07 22:08:13.148 [main] WebDriverEventListenerImpl:94-Found element <li>  by 'By.xpath: //div[@id='block_top_menu']/ul[1]/li[1]'
[DEBUG] 2021-11-07 22:08:16.541 [main] WebDriverEventListenerImpl:84-try find element  by 'By.xpath: //div[@class='breadcrumb clearfix']/span[2]'
[DEBUG] 2021-11-07 22:08:16.591 [main] WebDriverEventListenerImpl:94-Found element <span>  by 'By.xpath: //div[@class='breadcrumb clearfix']/span[2]'
[INFO ] 2021-11-07 22:08:16.641 [main] BaseTest:81-test openWomanPageFromMain finished.
